# JRE version: OpenJDK Runtime Environment (17.0.11) (build 17.0.11+0--11852314)
# Java VM: OpenJDK 64-Bit Server VM (17.0.11+0--11852314, mixed mode, tiered, compressed oops, compressed class ptrs, g1 gc, windows-amd64)
GC Precious Log:
 CPUs: 8 total, 8 available
 Memory: 7616M
 Large Page Support: Disabled
 NUMA Support: Disabled
 Compressed Oops: Enabled (32-bit)
 Heap Region Size: 1M
 Heap Min Capacity: 8M
 Heap Initial Capacity: 120M
 Heap Max Capacity: 2G
 Pre-touch: Disabled
 Parallel Workers: 8
 Concurrent Workers: 2
 Concurrent Refinement Workers: 8
 Periodic GC: Disabled
Heap:
 garbage-first heap   total 398336K, used 171523K [0x0000000080000000, 0x0000000100000000)
  region size 1024K, 6 young (6144K), 6 survivors (6144K)
 Metaspace       used 149245K, committed 151424K, reserved 1179648K
  class space    used 20182K, committed 21312K, reserved 1048576K
GC Heap History (20 events):
Event: 9577.576 GC heap after
{Heap after GC invocations=107 (full 1):
 garbage-first heap   total 398336K, used 129889K [0x0000000080000000, 0x0000000100000000)
  region size 1024K, 3 young (3072K), 3 survivors (3072K)
 Metaspace       used 148840K, committed 151104K, reserved 1179648K
  class space    used 20167K, committed 21312K, reserved 1048576K
}
Event: 9578.707 GC heap before
{Heap before GC invocations=107 (full 1):
 garbage-first heap   total 398336K, used 158561K [0x0000000080000000, 0x0000000100000000)
  region size 1024K, 33 young (33792K), 3 survivors (3072K)
 Metaspace       used 148849K, committed 151104K, reserved 1179648K
  class space    used 20167K, committed 21312K, reserved 1048576K
}
Event: 9578.748 GC heap after
{Heap after GC invocations=108 (full 1):
 garbage-first heap   total 398336K, used 134297K [0x0000000080000000, 0x0000000100000000)
  region size 1024K, 8 young (8192K), 8 survivors (8192K)
 Metaspace       used 148849K, committed 151104K, reserved 1179648K
  class space    used 20167K, committed 21312K, reserved 1048576K
}
Event: 9591.090 GC heap before
{Heap before GC invocations=109 (full 1):
 garbage-first heap   total 398336K, used 313497K [0x0000000080000000, 0x0000000100000000)
  region size 1024K, 154 young (157696K), 8 survivors (8192K)
 Metaspace       used 148944K, committed 151168K, reserved 1179648K
  class space    used 20168K, committed 21312K, reserved 1048576K
}
Event: 9591.111 GC heap after
{Heap after GC invocations=110 (full 1):
 garbage-first heap   total 398336K, used 136784K [0x0000000080000000, 0x0000000100000000)
  region size 1024K, 13 young (13312K), 13 survivors (13312K)
 Metaspace       used 148944K, committed 151168K, reserved 1179648K
  class space    used 20168K, committed 21312K, reserved 1048576K
}
Event: 9591.235 GC heap before
{Heap before GC invocations=110 (full 1):
 garbage-first heap   total 398336K, used 141904K [0x0000000080000000, 0x0000000100000000)
  region size 1024K, 19 young (19456K), 13 survivors (13312K)
 Metaspace       used 148949K, committed 151168K, reserved 1179648K
  class space    used 20168K, committed 21312K, reserved 1048576K
}
Event: 9591.307 GC heap after
{Heap after GC invocations=111 (full 1):
 garbage-first heap   total 398336K, used 128550K [0x0000000080000000, 0x0000000100000000)
  region size 1024K, 3 young (3072K), 3 survivors (3072K)
 Metaspace       used 148949K, committed 151168K, reserved 1179648K
  class space    used 20168K, committed 21312K, reserved 1048576K
}
Event: 9591.489 GC heap before
{Heap before GC invocations=111 (full 1):
 garbage-first heap   total 398336K, used 138790K [0x0000000080000000, 0x0000000100000000)
  region size 1024K, 15 young (15360K), 3 survivors (3072K)
 Metaspace       used 148954K, committed 151168K, reserved 1179648K
  class space    used 20168K, committed 21312K, reserved 1048576K
}
Event: 9591.497 GC heap after
{Heap after GC invocations=112 (full 1):
 garbage-first heap   total 398336K, used 127157K [0x0000000080000000, 0x0000000100000000)
  region size 1024K, 2 young (2048K), 2 survivors (2048K)
 Metaspace       used 148954K, committed 151168K, reserved 1179648K
  class space    used 20168K, committed 21312K, reserved 1048576K
}
Event: 10162.406 GC heap before
{Heap before GC invocations=113 (full 1):
 garbage-first heap   total 398336K, used 352437K [0x0000000080000000, 0x0000000100000000)
  region size 1024K, 171 young (175104K), 2 survivors (2048K)
 Metaspace       used 149008K, committed 151232K, reserved 1179648K
  class space    used 20168K, committed 21312K, reserved 1048576K
}
Event: 10162.486 GC heap after
{Heap after GC invocations=114 (full 1):
 garbage-first heap   total 398336K, used 126769K [0x0000000080000000, 0x0000000100000000)
  region size 1024K, 1 young (1024K), 1 survivors (1024K)
 Metaspace       used 149008K, committed 151232K, reserved 1179648K
  class space    used 20168K, committed 21312K, reserved 1048576K
}
Event: 10246.710 GC heap before
{Heap before GC invocations=114 (full 1):
 garbage-first heap   total 398336K, used 145201K [0x0000000080000000, 0x0000000100000000)
  region size 1024K, 19 young (19456K), 1 survivors (1024K)
 Metaspace       used 149022K, committed 151232K, reserved 1179648K
  class space    used 20168K, committed 21312K, reserved 1048576K
}
Event: 10246.729 GC heap after
{Heap after GC invocations=115 (full 1):
 garbage-first heap   total 398336K, used 124741K [0x0000000080000000, 0x0000000100000000)
  region size 1024K, 2 young (2048K), 2 survivors (2048K)
 Metaspace       used 149022K, committed 151232K, reserved 1179648K
  class space    used 20168K, committed 21312K, reserved 1048576K
}
Event: 10247.641 GC heap before
{Heap before GC invocations=115 (full 1):
 garbage-first heap   total 398336K, used 185157K [0x0000000080000000, 0x0000000100000000)
  region size 1024K, 63 young (64512K), 2 survivors (2048K)
 Metaspace       used 149088K, committed 151296K, reserved 1179648K
  class space    used 20168K, committed 21312K, reserved 1048576K
}
Event: 10247.662 GC heap after
{Heap after GC invocations=116 (full 1):
 garbage-first heap   total 398336K, used 133344K [0x0000000080000000, 0x0000000100000000)
  region size 1024K, 11 young (11264K), 11 survivors (11264K)
 Metaspace       used 149088K, committed 151296K, reserved 1179648K
  class space    used 20168K, committed 21312K, reserved 1048576K
}
Event: 10248.033 GC heap before
{Heap before GC invocations=117 (full 1):
 garbage-first heap   total 398336K, used 176352K [0x0000000080000000, 0x0000000100000000)
  region size 1024K, 52 young (53248K), 11 survivors (11264K)
 Metaspace       used 149140K, committed 151360K, reserved 1179648K
  class space    used 20174K, committed 21312K, reserved 1048576K
}
Event: 10248.203 GC heap after
{Heap after GC invocations=118 (full 1):
 garbage-first heap   total 398336K, used 156098K [0x0000000080000000, 0x0000000100000000)
  region size 1024K, 7 young (7168K), 7 survivors (7168K)
 Metaspace       used 149140K, committed 151360K, reserved 1179648K
  class space    used 20174K, committed 21312K, reserved 1048576K
}
Event: 10248.510 GC heap before
{Heap before GC invocations=118 (full 1):
 garbage-first heap   total 398336K, used 175554K [0x0000000080000000, 0x0000000100000000)
  region size 1024K, 19 young (19456K), 7 survivors (7168K)
 Metaspace       used 149226K, committed 151424K, reserved 1179648K
  class space    used 20180K, committed 21312K, reserved 1048576K
}
Event: 10248.524 GC heap after
{Heap after GC invocations=119 (full 1):
 garbage-first heap   total 398336K, used 158909K [0x0000000080000000, 0x0000000100000000)
  region size 1024K, 3 young (3072K), 3 survivors (3072K)
 Metaspace       used 149226K, committed 151424K, reserved 1179648K
  class space    used 20180K, committed 21312K, reserved 1048576K
}
Event: 10248.759 GC heap before
{Heap before GC invocations=119 (full 1):
 garbage-first heap   total 398336K, used 202941K [0x0000000080000000, 0x0000000100000000)
  region size 1024K, 47 young (48128K), 3 survivors (3072K)
 Metaspace       used 149245K, committed 151424K, reserved 1179648K
  class space    used 20182K, committed 21312K, reserved 1048576K
}

