# JRE version: OpenJDK Runtime Environment (17.0.11) (build 17.0.11+0--11852314)
# Java VM: OpenJDK 64-Bit Server VM (17.0.11+0--11852314, mixed mode, tiered, compressed oops, compressed class ptrs, g1 gc, windows-amd64)
GC Precious Log:
 CPUs: 8 total, 8 available
 Memory: 7616M
 Large Page Support: Disabled
 NUMA Support: Disabled
 Compressed Oops: Enabled (32-bit)
 Heap Region Size: 1M
 Heap Min Capacity: 8M
 Heap Initial Capacity: 120M
 Heap Max Capacity: 2G
 Pre-touch: Disabled
 Parallel Workers: 8
 Concurrent Workers: 2
 Concurrent Refinement Workers: 8
 Periodic GC: Disabled
Heap:
 garbage-first heap   total 260096K, used 125115K [0x0000000080000000, 0x0000000100000000)
  region size 1024K, 2 young (2048K), 2 survivors (2048K)
 Metaspace       used 144721K, committed 145728K, reserved 1179648K
  class space    used 19716K, committed 20224K, reserved 1048576K
GC Heap History (20 events):
Event: 2158.510 GC heap after
{Heap after GC invocations=90 (full 0):
 garbage-first heap   total 260096K, used 129529K [0x0000000080000000, 0x0000000100000000)
  region size 1024K, 2 young (2048K), 2 survivors (2048K)
 Metaspace       used 137371K, committed 138560K, reserved 1179648K
  class space    used 19025K, committed 19584K, reserved 1048576K
}
Event: 2162.905 GC heap before
{Heap before GC invocations=90 (full 0):
 garbage-first heap   total 260096K, used 187897K [0x0000000080000000, 0x0000000100000000)
  region size 1024K, 61 young (62464K), 2 survivors (2048K)
 Metaspace       used 137590K, committed 138752K, reserved 1179648K
  class space    used 19029K, committed 19584K, reserved 1048576K
}
Event: 2162.913 GC heap after
{Heap after GC invocations=91 (full 0):
 garbage-first heap   total 260096K, used 132559K [0x0000000080000000, 0x0000000100000000)
  region size 1024K, 5 young (5120K), 5 survivors (5120K)
 Metaspace       used 137590K, committed 138752K, reserved 1179648K
  class space    used 19029K, committed 19584K, reserved 1048576K
}
Event: 2630.266 GC heap before
{Heap before GC invocations=92 (full 0):
 garbage-first heap   total 260096K, used 227791K [0x0000000080000000, 0x0000000100000000)
  region size 1024K, 84 young (86016K), 5 survivors (5120K)
 Metaspace       used 137650K, committed 138752K, reserved 1179648K
  class space    used 18991K, committed 19584K, reserved 1048576K
}
Event: 2630.372 GC heap after
{Heap after GC invocations=93 (full 0):
 garbage-first heap   total 260096K, used 140284K [0x0000000080000000, 0x0000000100000000)
  region size 1024K, 11 young (11264K), 11 survivors (11264K)
 Metaspace       used 137650K, committed 138752K, reserved 1179648K
  class space    used 18991K, committed 19584K, reserved 1048576K
}
Event: 2630.404 GC heap before
{Heap before GC invocations=93 (full 0):
 garbage-first heap   total 260096K, used 140284K [0x0000000080000000, 0x0000000100000000)
  region size 1024K, 12 young (12288K), 11 survivors (11264K)
 Metaspace       used 137654K, committed 138752K, reserved 1179648K
  class space    used 18991K, committed 19584K, reserved 1048576K
}
Event: 2630.614 GC heap after
{Heap after GC invocations=94 (full 0):
 garbage-first heap   total 260096K, used 129423K [0x0000000080000000, 0x0000000100000000)
  region size 1024K, 2 young (2048K), 2 survivors (2048K)
 Metaspace       used 137654K, committed 138752K, reserved 1179648K
  class space    used 18991K, committed 19584K, reserved 1048576K
}
Event: 2631.060 GC heap before
{Heap before GC invocations=94 (full 0):
 garbage-first heap   total 260096K, used 135567K [0x0000000080000000, 0x0000000100000000)
  region size 1024K, 10 young (10240K), 2 survivors (2048K)
 Metaspace       used 137853K, committed 139008K, reserved 1179648K
  class space    used 19020K, committed 19584K, reserved 1048576K
}
Event: 2631.073 GC heap after
{Heap after GC invocations=95 (full 0):
 garbage-first heap   total 260096K, used 128701K [0x0000000080000000, 0x0000000100000000)
  region size 1024K, 1 young (1024K), 1 survivors (1024K)
 Metaspace       used 137853K, committed 139008K, reserved 1179648K
  class space    used 19020K, committed 19584K, reserved 1048576K
}
Event: 2633.296 GC heap before
{Heap before GC invocations=96 (full 0):
 garbage-first heap   total 260096K, used 233149K [0x0000000080000000, 0x0000000100000000)
  region size 1024K, 85 young (87040K), 1 survivors (1024K)
 Metaspace       used 141900K, committed 142976K, reserved 1179648K
  class space    used 19442K, committed 19968K, reserved 1048576K
}
Event: 2633.301 GC heap after
{Heap after GC invocations=97 (full 0):
 garbage-first heap   total 260096K, used 129945K [0x0000000080000000, 0x0000000100000000)
  region size 1024K, 3 young (3072K), 3 survivors (3072K)
 Metaspace       used 141900K, committed 142976K, reserved 1179648K
  class space    used 19442K, committed 19968K, reserved 1048576K
}
Event: 2633.434 GC heap before
{Heap before GC invocations=97 (full 0):
 garbage-first heap   total 260096K, used 138137K [0x0000000080000000, 0x0000000100000000)
  region size 1024K, 12 young (12288K), 3 survivors (3072K)
 Metaspace       used 142113K, committed 143168K, reserved 1179648K
  class space    used 19470K, committed 19968K, reserved 1048576K
}
Event: 2633.451 GC heap after
{Heap after GC invocations=98 (full 0):
 garbage-first heap   total 260096K, used 117584K [0x0000000080000000, 0x0000000100000000)
  region size 1024K, 1 young (1024K), 1 survivors (1024K)
 Metaspace       used 142113K, committed 143168K, reserved 1179648K
  class space    used 19470K, committed 19968K, reserved 1048576K
}
Event: 2637.227 GC heap before
{Heap before GC invocations=98 (full 0):
 garbage-first heap   total 260096K, used 214864K [0x0000000080000000, 0x0000000100000000)
  region size 1024K, 97 young (99328K), 1 survivors (1024K)
 Metaspace       used 143795K, committed 144832K, reserved 1179648K
  class space    used 19656K, committed 20160K, reserved 1048576K
}
Event: 2637.237 GC heap after
{Heap after GC invocations=99 (full 0):
 garbage-first heap   total 260096K, used 121399K [0x0000000080000000, 0x0000000100000000)
  region size 1024K, 5 young (5120K), 5 survivors (5120K)
 Metaspace       used 143795K, committed 144832K, reserved 1179648K
  class space    used 19656K, committed 20160K, reserved 1048576K
}
Event: 2641.676 GC heap before
{Heap before GC invocations=100 (full 0):
 garbage-first heap   total 260096K, used 218679K [0x0000000080000000, 0x0000000100000000)
  region size 1024K, 98 young (100352K), 5 survivors (5120K)
 Metaspace       used 144706K, committed 145728K, reserved 1179648K
  class space    used 19716K, committed 20224K, reserved 1048576K
}
Event: 2641.686 GC heap after
{Heap after GC invocations=101 (full 0):
 garbage-first heap   total 260096K, used 125422K [0x0000000080000000, 0x0000000100000000)
  region size 1024K, 9 young (9216K), 9 survivors (9216K)
 Metaspace       used 144706K, committed 145728K, reserved 1179648K
  class space    used 19716K, committed 20224K, reserved 1048576K
}
Event: 2641.734 GC heap before
{Heap before GC invocations=101 (full 0):
 garbage-first heap   total 260096K, used 127470K [0x0000000080000000, 0x0000000100000000)
  region size 1024K, 12 young (12288K), 9 survivors (9216K)
 Metaspace       used 144717K, committed 145728K, reserved 1179648K
  class space    used 19716K, committed 20224K, reserved 1048576K
}
Event: 2641.778 GC heap after
{Heap after GC invocations=102 (full 0):
 garbage-first heap   total 260096K, used 125473K [0x0000000080000000, 0x0000000100000000)
  region size 1024K, 2 young (2048K), 2 survivors (2048K)
 Metaspace       used 144717K, committed 145728K, reserved 1179648K
  class space    used 19716K, committed 20224K, reserved 1048576K
}
Event: 2641.782 GC heap before
{Heap before GC invocations=102 (full 0):
 garbage-first heap   total 260096K, used 125473K [0x0000000080000000, 0x0000000100000000)
  region size 1024K, 3 young (3072K), 2 survivors (2048K)
 Metaspace       used 144721K, committed 145728K, reserved 1179648K
  class space    used 19716K, committed 20224K, reserved 1048576K
}

